0 info it worked if it ends with ok
1 verbose cli [ 'D:\\JAVA\\nodejs\\\\node.exe',
1 verbose cli   'D:\\JAVA\\nodejs\\node_modules\\npm\\bin\\npm-cli.js',
1 verbose cli   'install',
1 verbose cli   '-g',
1 verbose cli   'node-inspector' ]
2 info using npm@2.14.2
3 info using node@v0.12.2
4 verbose install initial load of D:\JAVA\nodejs\package.json
5 verbose readDependencies loading dependencies from D:\JAVA\nodejs\package.json
6 silly cache add args [ 'node-inspector', null ]
7 verbose cache add spec node-inspector
8 silly cache add parsed spec { raw: 'node-inspector',
8 silly cache add   scope: null,
8 silly cache add   name: 'node-inspector',
8 silly cache add   rawSpec: '',
8 silly cache add   spec: '*',
8 silly cache add   type: 'range' }
9 silly addNamed node-inspector@*
10 verbose addNamed "*" is a valid semver range for node-inspector
11 silly addNameRange { name: 'node-inspector', range: '*', hasData: false }
12 silly mapToRegistry name node-inspector
13 silly mapToRegistry using default registry
14 silly mapToRegistry registry https://registry.npmjs.org/
15 silly mapToRegistry uri https://registry.npmjs.org/node-inspector
16 verbose addNameRange registry:https://registry.npmjs.org/node-inspector not in flight; fetching
17 verbose request uri https://registry.npmjs.org/node-inspector
18 verbose request no auth needed
19 info attempt registry request try #1 at 00:06:07
20 verbose request id aa08f4e4ba2c4cfa
21 http request GET https://registry.npmjs.org/node-inspector
22 info retry will retry, error on last attempt: Error: tunneling socket could not be established, cause=connect ETIMEDOUT
23 info attempt registry request try #2 at 00:06:38
24 http request GET https://registry.npmjs.org/node-inspector
25 info retry will retry, error on last attempt: Error: tunneling socket could not be established, cause=connect ETIMEDOUT
26 info attempt registry request try #3 at 00:07:59
27 http request GET https://registry.npmjs.org/node-inspector
28 verbose stack Error: tunneling socket could not be established, cause=connect ETIMEDOUT
28 verbose stack     at ClientRequest.onError (D:\JAVA\nodejs\node_modules\npm\node_modules\request\node_modules\tunnel-agent\index.js:174:17)
28 verbose stack     at ClientRequest.g (events.js:199:16)
28 verbose stack     at ClientRequest.emit (events.js:107:17)
28 verbose stack     at Socket.socketErrorListener (_http_client.js:271:9)
28 verbose stack     at Socket.emit (events.js:107:17)
28 verbose stack     at net.js:459:14
28 verbose stack     at process._tickCallback (node.js:355:11)
29 verbose cwd D:\JAVA\WebstormProjects\JHWSale
30 error Windows_NT 6.1.7601
31 error argv "D:\\JAVA\\nodejs\\\\node.exe" "D:\\JAVA\\nodejs\\node_modules\\npm\\bin\\npm-cli.js" "install" "-g" "node-inspector"
32 error node v0.12.2
33 error npm  v2.14.2
34 error code ECONNRESET
35 error network tunneling socket could not be established, cause=connect ETIMEDOUT
35 error network This is most likely not a problem with npm itself
35 error network and is related to network connectivity.
35 error network In most cases you are behind a proxy or have bad network settings.
35 error network
35 error network If you are behind a proxy, please make sure that the
35 error network 'proxy' config is set properly.  See: 'npm help config'
36 verbose exit [ 1, true ]
